
  .   ____          _            __ _ _
 /\\ / ___'_ __ _ _(_)_ __  __ _ \ \ \ \
( ( )\___ | '_ | '_| | '_ \/ _` | \ \ \ \
 \\/  ___)| |_)| | | | | || (_| |  ) ) ) )
  '  |____| .__|_| |_|_| |_\__, | / / / /
 =========|_|==============|___/=/_/_/_/
 :: Spring Boot ::                (v3.2.5)

2026-05-25T03:35:00.861-04:00  INFO 26208 --- [ms-facturacion] [           main] c.b.facturacion.FacturacionApplication   : Starting FacturacionApplication v0.0.1-SNAPSHOT using Java 17.0.19 with PID 26208 (C:\Users\mati_\Desktop\Proyectos fs1\Bookpoint\ms-facturacion\target\facturacion-0.0.1-SNAPSHOT.jar started by mati_ in C:\Users\mati_\Desktop\Proyectos fs1\BookPoint\ms-ventas)
2026-05-25T03:35:00.864-04:00  INFO 26208 --- [ms-facturacion] [           main] c.b.facturacion.FacturacionApplication   : No active profile set, falling back to 1 default profile: "default"
2026-05-25T03:35:01.579-04:00  INFO 26208 --- [ms-facturacion] [           main] .s.d.r.c.RepositoryConfigurationDelegate : Bootstrapping Spring Data JPA repositories in DEFAULT mode.
2026-05-25T03:35:01.627-04:00  INFO 26208 --- [ms-facturacion] [           main] .s.d.r.c.RepositoryConfigurationDelegate : Finished Spring Data repository scanning in 40 ms. Found 1 JPA repository interface.
2026-05-25T03:35:02.067-04:00  INFO 26208 --- [ms-facturacion] [           main] o.s.b.w.embedded.tomcat.TomcatWebServer  : Tomcat initialized with port 8088 (http)
2026-05-25T03:35:02.079-04:00  INFO 26208 --- [ms-facturacion] [           main] o.apache.catalina.core.StandardService   : Starting service [Tomcat]
2026-05-25T03:35:02.079-04:00  INFO 26208 --- [ms-facturacion] [           main] o.apache.catalina.core.StandardEngine    : Starting Servlet engine: [Apache Tomcat/10.1.20]
2026-05-25T03:35:02.122-04:00  INFO 26208 --- [ms-facturacion] [           main] o.a.c.c.C.[Tomcat].[localhost].[/]       : Initializing Spring embedded WebApplicationContext
2026-05-25T03:35:02.124-04:00  INFO 26208 --- [ms-facturacion] [           main] w.s.c.ServletWebServerApplicationContext : Root WebApplicationContext: initialization completed in 1181 ms
2026-05-25T03:35:02.358-04:00  INFO 26208 --- [ms-facturacion] [           main] o.hibernate.jpa.internal.util.LogHelper  : HHH000204: Processing PersistenceUnitInfo [name: default]
2026-05-25T03:35:02.437-04:00  INFO 26208 --- [ms-facturacion] [           main] org.hibernate.Version                    : HHH000412: Hibernate ORM core version 6.4.4.Final
2026-05-25T03:35:02.475-04:00  INFO 26208 --- [ms-facturacion] [           main] o.h.c.internal.RegionFactoryInitiator    : HHH000026: Second-level cache disabled
2026-05-25T03:35:02.689-04:00  INFO 26208 --- [ms-facturacion] [           main] o.s.o.j.p.SpringPersistenceUnitInfo      : No LoadTimeWeaver setup: ignoring JPA class transformer
2026-05-25T03:35:02.716-04:00  INFO 26208 --- [ms-facturacion] [           main] com.zaxxer.hikari.HikariDataSource       : HikariPool-1 - Starting...
2026-05-25T03:35:02.847-04:00  INFO 26208 --- [ms-facturacion] [           main] com.zaxxer.hikari.pool.HikariPool        : HikariPool-1 - Added connection com.mysql.cj.jdbc.ConnectionImpl@56c0a61e
2026-05-25T03:35:02.849-04:00  INFO 26208 --- [ms-facturacion] [           main] com.zaxxer.hikari.HikariDataSource       : HikariPool-1 - Start completed.
2026-05-25T03:35:02.885-04:00  WARN 26208 --- [ms-facturacion] [           main] org.hibernate.dialect.Dialect            : HHH000511: The 5.5.0 version for [org.hibernate.dialect.MySQLDialect] is no longer supported, hence certain features may not work properly. The minimum supported version is 8.0.0. Check the community dialects project for available legacy versions.
2026-05-25T03:35:03.476-04:00  INFO 26208 --- [ms-facturacion] [           main] o.h.e.t.j.p.i.JtaPlatformInitiator       : HHH000489: No JTA platform available (set 'hibernate.transaction.jta.platform' to enable JTA platform integration)
Hibernate: 
    create table documentos_tributarios (
        id bigint not null auto_increment,
        fecha_emision datetime(6) not null,
        folio_venta varchar(50) not null,
        giro varchar(150),
        monto_iva float(53) not null,
        monto_neto float(53) not null,
        monto_total float(53) not null,
        razon_social varchar(150),
        rut_cliente varchar(20) not null,
        tipo_documento varchar(20) not null,
        primary key (id)
    ) engine=InnoDB
Hibernate: 
    alter table documentos_tributarios 
       drop index uk_documento_folio_venta
Hibernate: 
    alter table documentos_tributarios 
       add constraint uk_documento_folio_venta unique (folio_venta)
2026-05-25T03:35:03.513-04:00  INFO 26208 --- [ms-facturacion] [           main] j.LocalContainerEntityManagerFactoryBean : Initialized JPA EntityManagerFactory for persistence unit 'default'
2026-05-25T03:35:03.780-04:00  WARN 26208 --- [ms-facturacion] [           main] JpaBaseConfiguration$JpaWebConfiguration : spring.jpa.open-in-view is enabled by default. Therefore, database queries may be performed during view rendering. Explicitly configure spring.jpa.open-in-view to disable this warning
2026-05-25T03:35:04.118-04:00  INFO 26208 --- [ms-facturacion] [           main] o.s.b.w.embedded.tomcat.TomcatWebServer  : Tomcat started on port 8088 (http) with context path ''
2026-05-25T03:35:04.136-04:00  INFO 26208 --- [ms-facturacion] [           main] c.b.facturacion.FacturacionApplication   : Started FacturacionApplication in 3.622 seconds (process running for 4.03)
Hibernate: 
    select
        count(*) 
    from
        documentos_tributarios dt1_0
2026-05-25T03:35:04.455-04:00  INFO 26208 --- [ms-facturacion] [           main] c.b.facturacion.config.DataInitializer   : Inicializando base de datos en ms-facturacion con datos semilla...
Hibernate: 
    insert 
    into
        documentos_tributarios
        (fecha_emision, folio_venta, giro, monto_iva, monto_neto, monto_total, razon_social, rut_cliente, tipo_documento) 
    values
        (?, ?, ?, ?, ?, ?, ?, ?, ?)
Hibernate: 
    insert 
    into
        documentos_tributarios
        (fecha_emision, folio_venta, giro, monto_iva, monto_neto, monto_total, razon_social, rut_cliente, tipo_documento) 
    values
        (?, ?, ?, ?, ?, ?, ?, ?, ?)
2026-05-25T03:35:04.482-04:00  INFO 26208 --- [ms-facturacion] [           main] c.b.facturacion.config.DataInitializer   : Sembrado de datos en ms-facturacion finalizado con 憖ito (Folios: V-2026-0001, V-2026-0002).
2026-05-25T03:36:15.911-04:00  INFO 26208 --- [ms-facturacion] [nio-8088-exec-1] o.a.c.c.C.[Tomcat].[localhost].[/]       : Initializing Spring DispatcherServlet 'dispatcherServlet'
2026-05-25T03:36:15.912-04:00  INFO 26208 --- [ms-facturacion] [nio-8088-exec-1] o.s.web.servlet.DispatcherServlet        : Initializing Servlet 'dispatcherServlet'
2026-05-25T03:36:15.912-04:00  INFO 26208 --- [ms-facturacion] [nio-8088-exec-1] o.s.web.servlet.DispatcherServlet        : Completed initialization in 0 ms
2026-05-25T03:36:15.932-04:00  INFO 26208 --- [ms-facturacion] [nio-8088-exec-1] c.b.f.service.FacturacionServiceImpl     : Obteniendo todos los documentos tributarios emitidos.
Hibernate: 
    select
        dt1_0.id,
        dt1_0.fecha_emision,
        dt1_0.folio_venta,
        dt1_0.giro,
        dt1_0.monto_iva,
        dt1_0.monto_neto,
        dt1_0.monto_total,
        dt1_0.razon_social,
        dt1_0.rut_cliente,
        dt1_0.tipo_documento 
    from
        documentos_tributarios dt1_0
