
  .   ____          _            __ _ _
 /\\ / ___'_ __ _ _(_)_ __  __ _ \ \ \ \
( ( )\___ | '_ | '_| | '_ \/ _` | \ \ \ \
 \\/  ___)| |_)| | | | | || (_| |  ) ) ) )
  '  |____| .__|_| |_|_| |_\__, | / / / /
 =========|_|==============|___/=/_/_/_/
 :: Spring Boot ::                (v3.2.5)

2026-05-25T03:34:20.611-04:00  INFO 18804 --- [ms-inventario] [           main] c.b.inventario.InventarioApplication     : Starting InventarioApplication v0.0.1-SNAPSHOT using Java 17.0.19 with PID 18804 (C:\Users\mati_\Desktop\Proyectos fs1\Bookpoint\ms-inventario\target\inventario-0.0.1-SNAPSHOT.jar started by mati_ in C:\Users\mati_\Desktop\Proyectos fs1\BookPoint\ms-ventas)
2026-05-25T03:34:20.614-04:00  INFO 18804 --- [ms-inventario] [           main] c.b.inventario.InventarioApplication     : No active profile set, falling back to 1 default profile: "default"
2026-05-25T03:34:21.283-04:00  INFO 18804 --- [ms-inventario] [           main] .s.d.r.c.RepositoryConfigurationDelegate : Bootstrapping Spring Data JPA repositories in DEFAULT mode.
2026-05-25T03:34:21.332-04:00  INFO 18804 --- [ms-inventario] [           main] .s.d.r.c.RepositoryConfigurationDelegate : Finished Spring Data repository scanning in 42 ms. Found 2 JPA repository interfaces.
2026-05-25T03:34:21.805-04:00  INFO 18804 --- [ms-inventario] [           main] o.s.b.w.embedded.tomcat.TomcatWebServer  : Tomcat initialized with port 8082 (http)
2026-05-25T03:34:21.815-04:00  INFO 18804 --- [ms-inventario] [           main] o.apache.catalina.core.StandardService   : Starting service [Tomcat]
2026-05-25T03:34:21.815-04:00  INFO 18804 --- [ms-inventario] [           main] o.apache.catalina.core.StandardEngine    : Starting Servlet engine: [Apache Tomcat/10.1.20]
2026-05-25T03:34:21.856-04:00  INFO 18804 --- [ms-inventario] [           main] o.a.c.c.C.[Tomcat].[localhost].[/]       : Initializing Spring embedded WebApplicationContext
2026-05-25T03:34:21.857-04:00  INFO 18804 --- [ms-inventario] [           main] w.s.c.ServletWebServerApplicationContext : Root WebApplicationContext: initialization completed in 1170 ms
2026-05-25T03:34:22.156-04:00  INFO 18804 --- [ms-inventario] [           main] o.hibernate.jpa.internal.util.LogHelper  : HHH000204: Processing PersistenceUnitInfo [name: default]
2026-05-25T03:34:22.232-04:00  INFO 18804 --- [ms-inventario] [           main] org.hibernate.Version                    : HHH000412: Hibernate ORM core version 6.4.4.Final
2026-05-25T03:34:22.296-04:00  INFO 18804 --- [ms-inventario] [           main] o.h.c.internal.RegionFactoryInitiator    : HHH000026: Second-level cache disabled
2026-05-25T03:34:22.502-04:00  INFO 18804 --- [ms-inventario] [           main] o.s.o.j.p.SpringPersistenceUnitInfo      : No LoadTimeWeaver setup: ignoring JPA class transformer
2026-05-25T03:34:22.522-04:00  INFO 18804 --- [ms-inventario] [           main] com.zaxxer.hikari.HikariDataSource       : HikariPool-1 - Starting...
2026-05-25T03:34:22.648-04:00  INFO 18804 --- [ms-inventario] [           main] com.zaxxer.hikari.pool.HikariPool        : HikariPool-1 - Added connection com.mysql.cj.jdbc.ConnectionImpl@401788d5
2026-05-25T03:34:22.649-04:00  INFO 18804 --- [ms-inventario] [           main] com.zaxxer.hikari.HikariDataSource       : HikariPool-1 - Start completed.
2026-05-25T03:34:22.676-04:00  WARN 18804 --- [ms-inventario] [           main] org.hibernate.dialect.Dialect            : HHH000511: The 5.5.0 version for [org.hibernate.dialect.MySQLDialect] is no longer supported, hence certain features may not work properly. The minimum supported version is 8.0.0. Check the community dialects project for available legacy versions.
2026-05-25T03:34:22.679-04:00  WARN 18804 --- [ms-inventario] [           main] org.hibernate.orm.deprecation            : HHH90000025: MySQLDialect does not need to be specified explicitly using 'hibernate.dialect' (remove the property setting and it will be selected by default)
2026-05-25T03:34:23.329-04:00  INFO 18804 --- [ms-inventario] [           main] o.h.e.t.j.p.i.JtaPlatformInitiator       : HHH000489: No JTA platform available (set 'hibernate.transaction.jta.platform' to enable JTA platform integration)
2026-05-25T03:34:23.402-04:00  INFO 18804 --- [ms-inventario] [           main] j.LocalContainerEntityManagerFactoryBean : Initialized JPA EntityManagerFactory for persistence unit 'default'
2026-05-25T03:34:23.641-04:00  INFO 18804 --- [ms-inventario] [           main] o.s.d.j.r.query.QueryEnhancerFactory     : Hibernate is in classpath; If applicable, HQL parser will be used.
2026-05-25T03:34:24.006-04:00  WARN 18804 --- [ms-inventario] [           main] JpaBaseConfiguration$JpaWebConfiguration : spring.jpa.open-in-view is enabled by default. Therefore, database queries may be performed during view rendering. Explicitly configure spring.jpa.open-in-view to disable this warning
2026-05-25T03:34:24.337-04:00  INFO 18804 --- [ms-inventario] [           main] o.s.b.w.embedded.tomcat.TomcatWebServer  : Tomcat started on port 8082 (http) with context path ''
2026-05-25T03:34:24.352-04:00  INFO 18804 --- [ms-inventario] [           main] c.b.inventario.InventarioApplication     : Started InventarioApplication in 4.069 seconds (process running for 4.438)
2026-05-25T03:34:24.487-04:00  INFO 18804 --- [ms-inventario] [           main] c.b.inventario.config.DataInitializer    : Inicializando datos base en la base de datos de ms-inventario...
2026-05-25T03:34:24.538-04:00  INFO 18804 --- [ms-inventario] [           main] c.b.inventario.config.DataInitializer    : Sucursales Concepci鏮, Temuco y La Serena registradas.
2026-05-25T03:34:24.548-04:00  INFO 18804 --- [ms-inventario] [           main] c.b.inventario.config.DataInitializer    : Inventario base cargado con 憖ito en todas las sucursales f疄icas.
2026-05-25T03:36:15.319-04:00  INFO 18804 --- [ms-inventario] [nio-8082-exec-2] o.a.c.c.C.[Tomcat].[localhost].[/]       : Initializing Spring DispatcherServlet 'dispatcherServlet'
2026-05-25T03:36:15.320-04:00  INFO 18804 --- [ms-inventario] [nio-8082-exec-2] o.s.web.servlet.DispatcherServlet        : Initializing Servlet 'dispatcherServlet'
2026-05-25T03:36:15.320-04:00  INFO 18804 --- [ms-inventario] [nio-8082-exec-2] o.s.web.servlet.DispatcherServlet        : Completed initialization in 0 ms
2026-05-25T03:36:15.340-04:00  INFO 18804 --- [ms-inventario] [nio-8082-exec-2] c.b.i.service.InventarioServiceImpl      : Obteniendo listado de alertas de stock bajo nivel m璯imo.
2026-05-25T03:53:36.979-04:00  INFO 18804 --- [ms-inventario] [nio-8082-exec-4] c.b.i.service.InventarioServiceImpl      : Verificando disponibilidad de stock global/centralizado para producto ID: 101, cantidad: 1
2026-05-25T03:53:36.991-04:00  INFO 18804 --- [ms-inventario] [nio-8082-exec-4] c.b.i.service.InventarioServiceImpl      : Resultado stock para producto ID 101: Total disponible = 115, Cantidad Solicitada = 1, 澳isponible? = true
2026-05-25T03:53:42.112-04:00  INFO 18804 --- [ms-inventario] [nio-8082-exec-5] c.b.i.service.InventarioServiceImpl      : Verificando disponibilidad de stock global/centralizado para producto ID: 102, cantidad: 2
2026-05-25T03:53:42.114-04:00  INFO 18804 --- [ms-inventario] [nio-8082-exec-5] c.b.i.service.InventarioServiceImpl      : Resultado stock para producto ID 102: Total disponible = 50, Cantidad Solicitada = 2, 澳isponible? = true
2026-05-25T03:53:42.117-04:00  INFO 18804 --- [ms-inventario] [nio-8082-exec-6] c.b.i.service.InventarioServiceImpl      : Verificando disponibilidad de stock global/centralizado para producto ID: 103, cantidad: 3
2026-05-25T03:53:42.119-04:00  INFO 18804 --- [ms-inventario] [nio-8082-exec-6] c.b.i.service.InventarioServiceImpl      : Resultado stock para producto ID 103: Total disponible = 5, Cantidad Solicitada = 3, 澳isponible? = true
2026-05-25T03:54:16.889-04:00  INFO 18804 --- [ms-inventario] [nio-8082-exec-9] c.b.i.service.InventarioServiceImpl      : Iniciando traslado de stock. Origen ID: 1, Destino ID: 2, Producto ID: 101, Cantidad: 5
2026-05-25T03:54:16.907-04:00  INFO 18804 --- [ms-inventario] [nio-8082-exec-9] c.b.i.service.InventarioServiceImpl      : Descontado stock de origen. Nuevo stock en origen: 95
2026-05-25T03:54:16.914-04:00  INFO 18804 --- [ms-inventario] [nio-8082-exec-9] c.b.i.service.InventarioServiceImpl      : Traslado completado con 憖ito. Stock trasladado a destino 'Sucursal Temuco'. Nuevo stock en destino: 20
2026-05-25T03:54:26.368-04:00  INFO 18804 --- [ms-inventario] [io-8082-exec-10] c.b.i.service.InventarioServiceImpl      : Buscando stock para Sucursal ID: 1 y Producto ID: 101
2026-05-25T03:54:29.667-04:00  INFO 18804 --- [ms-inventario] [nio-8082-exec-8] c.b.i.service.InventarioServiceImpl      : Verificando disponibilidad de stock global/centralizado para producto ID: 101, cantidad: 1
2026-05-25T03:54:29.669-04:00  INFO 18804 --- [ms-inventario] [nio-8082-exec-8] c.b.i.service.InventarioServiceImpl      : Resultado stock para producto ID 101: Total disponible = 115, Cantidad Solicitada = 1, 澳isponible? = true
2026-05-25T03:54:41.320-04:00  INFO 18804 --- [ms-inventario] [nio-8082-exec-2] c.b.i.service.InventarioServiceImpl      : Obteniendo inventario completo para Sucursal ID: 1
2026-05-25T03:54:47.535-04:00  INFO 18804 --- [ms-inventario] [nio-8082-exec-3] c.b.i.service.InventarioServiceImpl      : Obteniendo listado de alertas de stock bajo nivel m璯imo.
