
  .   ____          _            __ _ _
 /\\ / ___'_ __ _ _(_)_ __  __ _ \ \ \ \
( ( )\___ | '_ | '_| | '_ \/ _` | \ \ \ \
 \\/  ___)| |_)| | | | | || (_| |  ) ) ) )
  '  |____| .__|_| |_|_| |_\__, | / / / /
 =========|_|==============|___/=/_/_/_/
 :: Spring Boot ::                (v3.2.5)

2026-05-25T03:34:40.846-04:00  INFO 11904 --- [ms-promociones] [           main] c.b.promociones.PromocionesApplication   : Starting PromocionesApplication v0.0.1-SNAPSHOT using Java 17.0.19 with PID 11904 (C:\Users\mati_\Desktop\Proyectos fs1\Bookpoint\ms-promociones\target\promociones-0.0.1-SNAPSHOT.jar started by mati_ in C:\Users\mati_\Desktop\Proyectos fs1\BookPoint\ms-ventas)
2026-05-25T03:34:40.850-04:00  INFO 11904 --- [ms-promociones] [           main] c.b.promociones.PromocionesApplication   : No active profile set, falling back to 1 default profile: "default"
2026-05-25T03:34:41.562-04:00  INFO 11904 --- [ms-promociones] [           main] .s.d.r.c.RepositoryConfigurationDelegate : Bootstrapping Spring Data JPA repositories in DEFAULT mode.
2026-05-25T03:34:41.607-04:00  INFO 11904 --- [ms-promociones] [           main] .s.d.r.c.RepositoryConfigurationDelegate : Finished Spring Data repository scanning in 38 ms. Found 1 JPA repository interface.
2026-05-25T03:34:42.067-04:00  INFO 11904 --- [ms-promociones] [           main] o.s.b.w.embedded.tomcat.TomcatWebServer  : Tomcat initialized with port 8087 (http)
2026-05-25T03:34:42.076-04:00  INFO 11904 --- [ms-promociones] [           main] o.apache.catalina.core.StandardService   : Starting service [Tomcat]
2026-05-25T03:34:42.077-04:00  INFO 11904 --- [ms-promociones] [           main] o.apache.catalina.core.StandardEngine    : Starting Servlet engine: [Apache Tomcat/10.1.20]
2026-05-25T03:34:42.107-04:00  INFO 11904 --- [ms-promociones] [           main] o.a.c.c.C.[Tomcat].[localhost].[/]       : Initializing Spring embedded WebApplicationContext
2026-05-25T03:34:42.108-04:00  INFO 11904 --- [ms-promociones] [           main] w.s.c.ServletWebServerApplicationContext : Root WebApplicationContext: initialization completed in 1182 ms
2026-05-25T03:34:42.255-04:00  INFO 11904 --- [ms-promociones] [           main] o.hibernate.jpa.internal.util.LogHelper  : HHH000204: Processing PersistenceUnitInfo [name: default]
2026-05-25T03:34:42.327-04:00  INFO 11904 --- [ms-promociones] [           main] org.hibernate.Version                    : HHH000412: Hibernate ORM core version 6.4.4.Final
2026-05-25T03:34:42.364-04:00  INFO 11904 --- [ms-promociones] [           main] o.h.c.internal.RegionFactoryInitiator    : HHH000026: Second-level cache disabled
2026-05-25T03:34:42.561-04:00  INFO 11904 --- [ms-promociones] [           main] o.s.o.j.p.SpringPersistenceUnitInfo      : No LoadTimeWeaver setup: ignoring JPA class transformer
2026-05-25T03:34:42.586-04:00  INFO 11904 --- [ms-promociones] [           main] com.zaxxer.hikari.HikariDataSource       : HikariPool-1 - Starting...
2026-05-25T03:34:42.714-04:00  INFO 11904 --- [ms-promociones] [           main] com.zaxxer.hikari.pool.HikariPool        : HikariPool-1 - Added connection com.mysql.cj.jdbc.ConnectionImpl@16d41725
2026-05-25T03:34:42.715-04:00  INFO 11904 --- [ms-promociones] [           main] com.zaxxer.hikari.HikariDataSource       : HikariPool-1 - Start completed.
2026-05-25T03:34:42.758-04:00  WARN 11904 --- [ms-promociones] [           main] org.hibernate.dialect.Dialect            : HHH000511: The 5.5.0 version for [org.hibernate.dialect.MySQLDialect] is no longer supported, hence certain features may not work properly. The minimum supported version is 8.0.0. Check the community dialects project for available legacy versions.
2026-05-25T03:34:43.341-04:00  INFO 11904 --- [ms-promociones] [           main] o.h.e.t.j.p.i.JtaPlatformInitiator       : HHH000489: No JTA platform available (set 'hibernate.transaction.jta.platform' to enable JTA platform integration)
Hibernate: 
    create table promociones (
        id bigint not null auto_increment,
        codigo varchar(50) not null,
        estado varchar(20) not null,
        fecha_fin date not null,
        fecha_inicio date not null,
        porcentaje_descuento integer not null,
        primary key (id)
    ) engine=InnoDB
Hibernate: 
    alter table promociones 
       drop index uk_promocion_codigo
Hibernate: 
    alter table promociones 
       add constraint uk_promocion_codigo unique (codigo)
2026-05-25T03:34:43.380-04:00  INFO 11904 --- [ms-promociones] [           main] j.LocalContainerEntityManagerFactoryBean : Initialized JPA EntityManagerFactory for persistence unit 'default'
2026-05-25T03:34:43.626-04:00  WARN 11904 --- [ms-promociones] [           main] JpaBaseConfiguration$JpaWebConfiguration : spring.jpa.open-in-view is enabled by default. Therefore, database queries may be performed during view rendering. Explicitly configure spring.jpa.open-in-view to disable this warning
2026-05-25T03:34:43.939-04:00  INFO 11904 --- [ms-promociones] [           main] o.s.b.w.embedded.tomcat.TomcatWebServer  : Tomcat started on port 8087 (http) with context path ''
2026-05-25T03:34:43.955-04:00  INFO 11904 --- [ms-promociones] [           main] c.b.promociones.PromocionesApplication   : Started PromocionesApplication in 3.467 seconds (process running for 3.938)
Hibernate: 
    select
        count(*) 
    from
        promociones p1_0
2026-05-25T03:34:44.283-04:00  INFO 11904 --- [ms-promociones] [           main] c.b.promociones.config.DataInitializer   : Inicializando datos base en ms-promociones...
Hibernate: 
    insert 
    into
        promociones
        (codigo, estado, fecha_fin, fecha_inicio, porcentaje_descuento) 
    values
        (?, ?, ?, ?, ?)
Hibernate: 
    insert 
    into
        promociones
        (codigo, estado, fecha_fin, fecha_inicio, porcentaje_descuento) 
    values
        (?, ?, ?, ?, ?)
Hibernate: 
    insert 
    into
        promociones
        (codigo, estado, fecha_fin, fecha_inicio, porcentaje_descuento) 
    values
        (?, ?, ?, ?, ?)
2026-05-25T03:34:44.315-04:00  INFO 11904 --- [ms-promociones] [           main] c.b.promociones.config.DataInitializer   : Promociones base creadas con 憖ito (CONVENIO_ESTUDIANTIL, DESCUENTO10, VERANO2025).
2026-05-25T03:36:15.600-04:00  INFO 11904 --- [ms-promociones] [nio-8087-exec-1] o.a.c.c.C.[Tomcat].[localhost].[/]       : Initializing Spring DispatcherServlet 'dispatcherServlet'
2026-05-25T03:36:15.600-04:00  INFO 11904 --- [ms-promociones] [nio-8087-exec-1] o.s.web.servlet.DispatcherServlet        : Initializing Servlet 'dispatcherServlet'
2026-05-25T03:36:15.601-04:00  INFO 11904 --- [ms-promociones] [nio-8087-exec-1] o.s.web.servlet.DispatcherServlet        : Completed initialization in 1 ms
2026-05-25T03:36:15.621-04:00  INFO 11904 --- [ms-promociones] [nio-8087-exec-1] c.b.p.service.PromocionesServiceImpl     : Obteniendo listado completo de promociones.
Hibernate: 
    select
        p1_0.id,
        p1_0.codigo,
        p1_0.estado,
        p1_0.fecha_fin,
        p1_0.fecha_inicio,
        p1_0.porcentaje_descuento 
    from
        promociones p1_0
