
  .   ____          _            __ _ _
 /\\ / ___'_ __ _ _(_)_ __  __ _ \ \ \ \
( ( )\___ | '_ | '_| | '_ \/ _` | \ \ \ \
 \\/  ___)| |_)| | | | | || (_| |  ) ) ) )
  '  |____| .__|_| |_|_| |_\__, | / / / /
 =========|_|==============|___/=/_/_/_/
 :: Spring Boot ::                (v3.2.5)

2026-05-25T03:34:10.552-04:00  INFO 22212 --- [ms-sucursales] [           main] c.b.sucursales.SucursalesApplication     : Starting SucursalesApplication v0.0.1-SNAPSHOT using Java 17.0.19 with PID 22212 (C:\Users\mati_\Desktop\Proyectos fs1\Bookpoint\ms-sucursales\target\sucursales-0.0.1-SNAPSHOT.jar started by mati_ in C:\Users\mati_\Desktop\Proyectos fs1\BookPoint\ms-ventas)
2026-05-25T03:34:10.556-04:00  INFO 22212 --- [ms-sucursales] [           main] c.b.sucursales.SucursalesApplication     : No active profile set, falling back to 1 default profile: "default"
2026-05-25T03:34:11.283-04:00  INFO 22212 --- [ms-sucursales] [           main] .s.d.r.c.RepositoryConfigurationDelegate : Bootstrapping Spring Data JPA repositories in DEFAULT mode.
2026-05-25T03:34:11.328-04:00  INFO 22212 --- [ms-sucursales] [           main] .s.d.r.c.RepositoryConfigurationDelegate : Finished Spring Data repository scanning in 39 ms. Found 1 JPA repository interface.
2026-05-25T03:34:11.755-04:00  INFO 22212 --- [ms-sucursales] [           main] o.s.b.w.embedded.tomcat.TomcatWebServer  : Tomcat initialized with port 8090 (http)
2026-05-25T03:34:11.765-04:00  INFO 22212 --- [ms-sucursales] [           main] o.apache.catalina.core.StandardService   : Starting service [Tomcat]
2026-05-25T03:34:11.766-04:00  INFO 22212 --- [ms-sucursales] [           main] o.apache.catalina.core.StandardEngine    : Starting Servlet engine: [Apache Tomcat/10.1.20]
2026-05-25T03:34:11.800-04:00  INFO 22212 --- [ms-sucursales] [           main] o.a.c.c.C.[Tomcat].[localhost].[/]       : Initializing Spring embedded WebApplicationContext
2026-05-25T03:34:11.801-04:00  INFO 22212 --- [ms-sucursales] [           main] w.s.c.ServletWebServerApplicationContext : Root WebApplicationContext: initialization completed in 1172 ms
2026-05-25T03:34:11.985-04:00  INFO 22212 --- [ms-sucursales] [           main] o.hibernate.jpa.internal.util.LogHelper  : HHH000204: Processing PersistenceUnitInfo [name: default]
2026-05-25T03:34:12.085-04:00  INFO 22212 --- [ms-sucursales] [           main] org.hibernate.Version                    : HHH000412: Hibernate ORM core version 6.4.4.Final
2026-05-25T03:34:12.132-04:00  INFO 22212 --- [ms-sucursales] [           main] o.h.c.internal.RegionFactoryInitiator    : HHH000026: Second-level cache disabled
2026-05-25T03:34:12.331-04:00  INFO 22212 --- [ms-sucursales] [           main] o.s.o.j.p.SpringPersistenceUnitInfo      : No LoadTimeWeaver setup: ignoring JPA class transformer
2026-05-25T03:34:12.356-04:00  INFO 22212 --- [ms-sucursales] [           main] com.zaxxer.hikari.HikariDataSource       : HikariPool-1 - Starting...
2026-05-25T03:34:12.487-04:00  INFO 22212 --- [ms-sucursales] [           main] com.zaxxer.hikari.pool.HikariPool        : HikariPool-1 - Added connection com.mysql.cj.jdbc.ConnectionImpl@30159886
2026-05-25T03:34:12.489-04:00  INFO 22212 --- [ms-sucursales] [           main] com.zaxxer.hikari.HikariDataSource       : HikariPool-1 - Start completed.
2026-05-25T03:34:12.526-04:00  WARN 22212 --- [ms-sucursales] [           main] org.hibernate.dialect.Dialect            : HHH000511: The 5.5.0 version for [org.hibernate.dialect.MySQLDialect] is no longer supported, hence certain features may not work properly. The minimum supported version is 8.0.0. Check the community dialects project for available legacy versions.
2026-05-25T03:34:13.101-04:00  INFO 22212 --- [ms-sucursales] [           main] o.h.e.t.j.p.i.JtaPlatformInitiator       : HHH000489: No JTA platform available (set 'hibernate.transaction.jta.platform' to enable JTA platform integration)
Hibernate: 
    create table sucursales (
        id bigint not null auto_increment,
        comuna varchar(100) not null,
        direccion varchar(150) not null,
        estado_operativo varchar(20) not null,
        horario_atencion varchar(150),
        nombre varchar(100) not null,
        region varchar(100),
        telefono varchar(50),
        primary key (id)
    ) engine=InnoDB
Hibernate: 
    alter table sucursales 
       drop index uk_sucursal_nombre
Hibernate: 
    alter table sucursales 
       add constraint uk_sucursal_nombre unique (nombre)
2026-05-25T03:34:13.138-04:00  INFO 22212 --- [ms-sucursales] [           main] j.LocalContainerEntityManagerFactoryBean : Initialized JPA EntityManagerFactory for persistence unit 'default'
2026-05-25T03:34:13.417-04:00  WARN 22212 --- [ms-sucursales] [           main] JpaBaseConfiguration$JpaWebConfiguration : spring.jpa.open-in-view is enabled by default. Therefore, database queries may be performed during view rendering. Explicitly configure spring.jpa.open-in-view to disable this warning
2026-05-25T03:34:13.776-04:00  INFO 22212 --- [ms-sucursales] [           main] o.s.b.w.embedded.tomcat.TomcatWebServer  : Tomcat started on port 8090 (http) with context path ''
2026-05-25T03:34:13.866-04:00  INFO 22212 --- [ms-sucursales] [           main] c.b.sucursales.SucursalesApplication     : Started SucursalesApplication in 3.563 seconds (process running for 4.002)
Hibernate: 
    select
        count(*) 
    from
        sucursales s1_0
2026-05-25T03:34:14.182-04:00  INFO 22212 --- [ms-sucursales] [           main] c.b.sucursales.config.DataInitializer    : Inicializando catálogo de sucursales base en ms-sucursales...
Hibernate: 
    insert 
    into
        sucursales
        (comuna, direccion, estado_operativo, horario_atencion, nombre, region, telefono) 
    values
        (?, ?, ?, ?, ?, ?, ?)
Hibernate: 
    insert 
    into
        sucursales
        (comuna, direccion, estado_operativo, horario_atencion, nombre, region, telefono) 
    values
        (?, ?, ?, ?, ?, ?, ?)
Hibernate: 
    insert 
    into
        sucursales
        (comuna, direccion, estado_operativo, horario_atencion, nombre, region, telefono) 
    values
        (?, ?, ?, ?, ?, ?, ?)
2026-05-25T03:34:14.214-04:00  INFO 22212 --- [ms-sucursales] [           main] c.b.sucursales.config.DataInitializer    : Sembrado de sucursales en ms-sucursales finalizado con éxito (3 sedes creadas).
2026-05-25T03:36:15.189-04:00  INFO 22212 --- [ms-sucursales] [nio-8090-exec-1] o.a.c.c.C.[Tomcat].[localhost].[/]       : Initializing Spring DispatcherServlet 'dispatcherServlet'
2026-05-25T03:36:15.189-04:00  INFO 22212 --- [ms-sucursales] [nio-8090-exec-1] o.s.web.servlet.DispatcherServlet        : Initializing Servlet 'dispatcherServlet'
2026-05-25T03:36:15.189-04:00  INFO 22212 --- [ms-sucursales] [nio-8090-exec-1] o.s.web.servlet.DispatcherServlet        : Completed initialization in 0 ms
2026-05-25T03:36:15.208-04:00  INFO 22212 --- [ms-sucursales] [nio-8090-exec-1] c.b.s.service.SucursalServiceImpl        : Obteniendo listado completo de sedes operativas.
Hibernate: 
    select
        s1_0.id,
        s1_0.comuna,
        s1_0.direccion,
        s1_0.estado_operativo,
        s1_0.horario_atencion,
        s1_0.nombre,
        s1_0.region,
        s1_0.telefono 
    from
        sucursales s1_0
