
  .   ____          _            __ _ _
 /\\ / ___'_ __ _ _(_)_ __  __ _ \ \ \ \
( ( )\___ | '_ | '_| | '_ \/ _` | \ \ \ \
 \\/  ___)| |_)| | | | | || (_| |  ) ) ) )
  '  |____| .__|_| |_|_| |_\__, | / / / /
 =========|_|==============|___/=/_/_/_/
 :: Spring Boot ::                (v3.2.5)

2026-05-25T03:34:30.678-04:00  INFO 26016 --- [ms-usuarios] [           main] c.b.usuarios.UsuariosApplication         : Starting UsuariosApplication v0.0.1-SNAPSHOT using Java 17.0.19 with PID 26016 (C:\Users\mati_\Desktop\Proyectos fs1\Bookpoint\ms-usuarios\target\usuarios-0.0.1-SNAPSHOT.jar started by mati_ in C:\Users\mati_\Desktop\Proyectos fs1\BookPoint\ms-ventas)
2026-05-25T03:34:30.687-04:00  INFO 26016 --- [ms-usuarios] [           main] c.b.usuarios.UsuariosApplication         : No active profile set, falling back to 1 default profile: "default"
2026-05-25T03:34:31.363-04:00  INFO 26016 --- [ms-usuarios] [           main] .s.d.r.c.RepositoryConfigurationDelegate : Bootstrapping Spring Data JPA repositories in DEFAULT mode.
2026-05-25T03:34:31.414-04:00  INFO 26016 --- [ms-usuarios] [           main] .s.d.r.c.RepositoryConfigurationDelegate : Finished Spring Data repository scanning in 42 ms. Found 2 JPA repository interfaces.
2026-05-25T03:34:31.847-04:00  INFO 26016 --- [ms-usuarios] [           main] o.s.b.w.embedded.tomcat.TomcatWebServer  : Tomcat initialized with port 8083 (http)
2026-05-25T03:34:31.856-04:00  INFO 26016 --- [ms-usuarios] [           main] o.apache.catalina.core.StandardService   : Starting service [Tomcat]
2026-05-25T03:34:31.857-04:00  INFO 26016 --- [ms-usuarios] [           main] o.apache.catalina.core.StandardEngine    : Starting Servlet engine: [Apache Tomcat/10.1.20]
2026-05-25T03:34:31.905-04:00  INFO 26016 --- [ms-usuarios] [           main] o.a.c.c.C.[Tomcat].[localhost].[/]       : Initializing Spring embedded WebApplicationContext
2026-05-25T03:34:31.906-04:00  INFO 26016 --- [ms-usuarios] [           main] w.s.c.ServletWebServerApplicationContext : Root WebApplicationContext: initialization completed in 1135 ms
2026-05-25T03:34:32.214-04:00  INFO 26016 --- [ms-usuarios] [           main] o.hibernate.jpa.internal.util.LogHelper  : HHH000204: Processing PersistenceUnitInfo [name: default]
2026-05-25T03:34:32.318-04:00  INFO 26016 --- [ms-usuarios] [           main] org.hibernate.Version                    : HHH000412: Hibernate ORM core version 6.4.4.Final
2026-05-25T03:34:32.354-04:00  INFO 26016 --- [ms-usuarios] [           main] o.h.c.internal.RegionFactoryInitiator    : HHH000026: Second-level cache disabled
2026-05-25T03:34:32.567-04:00  INFO 26016 --- [ms-usuarios] [           main] o.s.o.j.p.SpringPersistenceUnitInfo      : No LoadTimeWeaver setup: ignoring JPA class transformer
2026-05-25T03:34:32.604-04:00  INFO 26016 --- [ms-usuarios] [           main] com.zaxxer.hikari.HikariDataSource       : HikariPool-1 - Starting...
2026-05-25T03:34:32.756-04:00  INFO 26016 --- [ms-usuarios] [           main] com.zaxxer.hikari.pool.HikariPool        : HikariPool-1 - Added connection com.mysql.cj.jdbc.ConnectionImpl@119d4443
2026-05-25T03:34:32.758-04:00  INFO 26016 --- [ms-usuarios] [           main] com.zaxxer.hikari.HikariDataSource       : HikariPool-1 - Start completed.
2026-05-25T03:34:32.796-04:00  WARN 26016 --- [ms-usuarios] [           main] org.hibernate.dialect.Dialect            : HHH000511: The 5.5.0 version for [org.hibernate.dialect.MySQLDialect] is no longer supported, hence certain features may not work properly. The minimum supported version is 8.0.0. Check the community dialects project for available legacy versions.
2026-05-25T03:34:33.398-04:00  INFO 26016 --- [ms-usuarios] [           main] o.h.e.t.j.p.i.JtaPlatformInitiator       : HHH000489: No JTA platform available (set 'hibernate.transaction.jta.platform' to enable JTA platform integration)
Hibernate: 
    create table roles (
        id bigint not null auto_increment,
        descripcion varchar(250),
        nombre varchar(50) not null,
        primary key (id)
    ) engine=InnoDB
Hibernate: 
    create table usuarios (
        id bigint not null auto_increment,
        email varchar(100) not null,
        estado varchar(20) not null,
        nombre varchar(100) not null,
        password varchar(255) not null,
        rut varchar(20) not null,
        rol_id bigint not null,
        primary key (id)
    ) engine=InnoDB
Hibernate: 
    alter table roles 
       drop index UK_ldv0v52e0udsh2h1rs0r0gw1n
Hibernate: 
    alter table roles 
       add constraint UK_ldv0v52e0udsh2h1rs0r0gw1n unique (nombre)
Hibernate: 
    alter table usuarios 
       drop index uk_usuario_email
Hibernate: 
    alter table usuarios 
       add constraint uk_usuario_email unique (email)
Hibernate: 
    alter table usuarios 
       drop index uk_usuario_rut
Hibernate: 
    alter table usuarios 
       add constraint uk_usuario_rut unique (rut)
Hibernate: 
    alter table usuarios 
       add constraint FKqf5elo4jcq7qrt83oi0qmenjo 
       foreign key (rol_id) 
       references roles (id)
2026-05-25T03:34:33.481-04:00  INFO 26016 --- [ms-usuarios] [           main] j.LocalContainerEntityManagerFactoryBean : Initialized JPA EntityManagerFactory for persistence unit 'default'
2026-05-25T03:34:33.795-04:00  WARN 26016 --- [ms-usuarios] [           main] JpaBaseConfiguration$JpaWebConfiguration : spring.jpa.open-in-view is enabled by default. Therefore, database queries may be performed during view rendering. Explicitly configure spring.jpa.open-in-view to disable this warning
2026-05-25T03:34:34.189-04:00  INFO 26016 --- [ms-usuarios] [           main] o.s.b.w.embedded.tomcat.TomcatWebServer  : Tomcat started on port 8083 (http) with context path ''
2026-05-25T03:34:34.202-04:00  INFO 26016 --- [ms-usuarios] [           main] c.b.usuarios.UsuariosApplication         : Started UsuariosApplication in 3.851 seconds (process running for 4.244)
Hibernate: 
    select
        count(*) 
    from
        roles r1_0
2026-05-25T03:34:34.510-04:00  INFO 26016 --- [ms-usuarios] [           main] c.b.usuarios.config.DataInitializer      : Inicializando roles base en ms-usuarios...
Hibernate: 
    insert 
    into
        roles
        (descripcion, nombre) 
    values
        (?, ?)
Hibernate: 
    insert 
    into
        roles
        (descripcion, nombre) 
    values
        (?, ?)
Hibernate: 
    insert 
    into
        roles
        (descripcion, nombre) 
    values
        (?, ?)
Hibernate: 
    insert 
    into
        roles
        (descripcion, nombre) 
    values
        (?, ?)
2026-05-25T03:34:34.537-04:00  INFO 26016 --- [ms-usuarios] [           main] c.b.usuarios.config.DataInitializer      : Roles base cargados con éxito.
Hibernate: 
    select
        count(*) 
    from
        usuarios u1_0
Hibernate: 
    insert 
    into
        usuarios
        (email, estado, nombre, password, rol_id, rut) 
    values
        (?, ?, ?, ?, ?, ?)
2026-05-25T03:34:34.542-04:00  INFO 26016 --- [ms-usuarios] [           main] c.b.usuarios.config.DataInitializer      : Usuario Administrador Principal sembrado con éxito (admin@bookpoint.cl / admin1234).
2026-05-25T03:36:15.458-04:00  INFO 26016 --- [ms-usuarios] [nio-8083-exec-1] o.a.c.c.C.[Tomcat].[localhost].[/]       : Initializing Spring DispatcherServlet 'dispatcherServlet'
2026-05-25T03:36:15.458-04:00  INFO 26016 --- [ms-usuarios] [nio-8083-exec-1] o.s.web.servlet.DispatcherServlet        : Initializing Servlet 'dispatcherServlet'
2026-05-25T03:36:15.459-04:00  INFO 26016 --- [ms-usuarios] [nio-8083-exec-1] o.s.web.servlet.DispatcherServlet        : Completed initialization in 0 ms
2026-05-25T03:36:15.483-04:00  INFO 26016 --- [ms-usuarios] [nio-8083-exec-1] c.b.usuarios.service.UsuarioServiceImpl  : Buscando detalles de usuario con ID: 1
Hibernate: 
    select
        u1_0.id,
        u1_0.email,
        u1_0.estado,
        u1_0.nombre,
        u1_0.password,
        u1_0.rol_id,
        r1_0.id,
        r1_0.descripcion,
        r1_0.nombre,
        u1_0.rut 
    from
        usuarios u1_0 
    join
        roles r1_0 
            on r1_0.id=u1_0.rol_id 
    where
        u1_0.id=?
