
  .   ____          _            __ _ _
 /\\ / ___'_ __ _ _(_)_ __  __ _ \ \ \ \
( ( )\___ | '_ | '_| | '_ \/ _` | \ \ \ \
 \\/  ___)| |_)| | | | | || (_| |  ) ) ) )
  '  |____| .__|_| |_|_| |_\__, | / / / /
 =========|_|==============|___/=/_/_/_/
 :: Spring Boot ::                (v3.2.5)

2026-05-25T03:35:41.091-04:00  INFO 9564 --- [ms-ventas] [           main] c.b.ventas.VentasApplication             : Starting VentasApplication v0.0.1-SNAPSHOT using Java 17.0.19 with PID 9564 (C:\Users\mati_\Desktop\Proyectos fs1\Bookpoint\ms-ventas\target\ventas-0.0.1-SNAPSHOT.jar started by mati_ in C:\Users\mati_\Desktop\Proyectos fs1\BookPoint\ms-ventas)
2026-05-25T03:35:41.094-04:00  INFO 9564 --- [ms-ventas] [           main] c.b.ventas.VentasApplication             : No active profile set, falling back to 1 default profile: "default"
2026-05-25T03:35:41.878-04:00  INFO 9564 --- [ms-ventas] [           main] .s.d.r.c.RepositoryConfigurationDelegate : Bootstrapping Spring Data JPA repositories in DEFAULT mode.
2026-05-25T03:35:41.926-04:00  INFO 9564 --- [ms-ventas] [           main] .s.d.r.c.RepositoryConfigurationDelegate : Finished Spring Data repository scanning in 41 ms. Found 1 JPA repository interface.
2026-05-25T03:35:42.079-04:00  INFO 9564 --- [ms-ventas] [           main] o.s.cloud.context.scope.GenericScope     : BeanFactory id=d71e5afa-0760-38a8-a906-7453f1b61d29
2026-05-25T03:35:42.459-04:00  INFO 9564 --- [ms-ventas] [           main] o.s.b.w.embedded.tomcat.TomcatWebServer  : Tomcat initialized with port 8081 (http)
2026-05-25T03:35:42.472-04:00  INFO 9564 --- [ms-ventas] [           main] o.apache.catalina.core.StandardService   : Starting service [Tomcat]
2026-05-25T03:35:42.473-04:00  INFO 9564 --- [ms-ventas] [           main] o.apache.catalina.core.StandardEngine    : Starting Servlet engine: [Apache Tomcat/10.1.20]
2026-05-25T03:35:42.517-04:00  INFO 9564 --- [ms-ventas] [           main] o.a.c.c.C.[Tomcat].[localhost].[/]       : Initializing Spring embedded WebApplicationContext
2026-05-25T03:35:42.518-04:00  INFO 9564 --- [ms-ventas] [           main] w.s.c.ServletWebServerApplicationContext : Root WebApplicationContext: initialization completed in 1338 ms
2026-05-25T03:35:42.697-04:00  INFO 9564 --- [ms-ventas] [           main] o.hibernate.jpa.internal.util.LogHelper  : HHH000204: Processing PersistenceUnitInfo [name: default]
2026-05-25T03:35:42.809-04:00  INFO 9564 --- [ms-ventas] [           main] org.hibernate.Version                    : HHH000412: Hibernate ORM core version 6.4.4.Final
2026-05-25T03:35:42.840-04:00  INFO 9564 --- [ms-ventas] [           main] o.h.c.internal.RegionFactoryInitiator    : HHH000026: Second-level cache disabled
2026-05-25T03:35:43.076-04:00  INFO 9564 --- [ms-ventas] [           main] o.s.o.j.p.SpringPersistenceUnitInfo      : No LoadTimeWeaver setup: ignoring JPA class transformer
2026-05-25T03:35:43.114-04:00  INFO 9564 --- [ms-ventas] [           main] com.zaxxer.hikari.HikariDataSource       : HikariPool-1 - Starting...
2026-05-25T03:35:43.251-04:00  INFO 9564 --- [ms-ventas] [           main] com.zaxxer.hikari.pool.HikariPool        : HikariPool-1 - Added connection com.mysql.cj.jdbc.ConnectionImpl@72b40f87
2026-05-25T03:35:43.252-04:00  INFO 9564 --- [ms-ventas] [           main] com.zaxxer.hikari.HikariDataSource       : HikariPool-1 - Start completed.
2026-05-25T03:35:43.295-04:00  WARN 9564 --- [ms-ventas] [           main] org.hibernate.dialect.Dialect            : HHH000511: The 5.5.0 version for [org.hibernate.dialect.MySQLDialect] is no longer supported, hence certain features may not work properly. The minimum supported version is 8.0.0. Check the community dialects project for available legacy versions.
2026-05-25T03:35:43.936-04:00  INFO 9564 --- [ms-ventas] [           main] o.h.e.t.j.p.i.JtaPlatformInitiator       : HHH000489: No JTA platform available (set 'hibernate.transaction.jta.platform' to enable JTA platform integration)
Hibernate: 
    create table detalles_venta (
        id bigint not null auto_increment,
        cantidad integer not null,
        precio_unitario decimal(12,2) not null,
        producto_id bigint not null,
        producto_nombre varchar(150) not null,
        subtotal decimal(12,2) not null,
        venta_id bigint not null,
        primary key (id)
    ) engine=InnoDB
Hibernate: 
    create table ventas (
        id bigint not null auto_increment,
        asistente_nombre varchar(100),
        cliente_nombre varchar(100),
        cliente_rut varchar(20),
        codigo_descuento varchar(50),
        descuento_aplicado decimal(12,2) not null,
        fecha datetime(6) not null,
        folio varchar(50) not null,
        subtotal decimal(12,2) not null,
        tipo_descuento enum ('CONVENIO_ESTUDIANTIL','CUPON','NINGUNO') not null,
        tipo_venta enum ('PRESENCIAL','ONLINE') not null,
        total decimal(12,2) not null,
        primary key (id)
    ) engine=InnoDB
Hibernate: 
    alter table ventas 
       drop index UK_b5y0botwo90l4gfoixw3kjnhr
Hibernate: 
    alter table ventas 
       add constraint UK_b5y0botwo90l4gfoixw3kjnhr unique (folio)
Hibernate: 
    alter table detalles_venta 
       add constraint FK453xcyfk9n6snv6qnjlo0p65p 
       foreign key (venta_id) 
       references ventas (id)
2026-05-25T03:35:44.000-04:00  INFO 9564 --- [ms-ventas] [           main] j.LocalContainerEntityManagerFactoryBean : Initialized JPA EntityManagerFactory for persistence unit 'default'
2026-05-25T03:35:44.385-04:00  WARN 9564 --- [ms-ventas] [           main] JpaBaseConfiguration$JpaWebConfiguration : spring.jpa.open-in-view is enabled by default. Therefore, database queries may be performed during view rendering. Explicitly configure spring.jpa.open-in-view to disable this warning
2026-05-25T03:35:44.941-04:00  INFO 9564 --- [ms-ventas] [           main] o.s.b.w.embedded.tomcat.TomcatWebServer  : Tomcat started on port 8081 (http) with context path ''
2026-05-25T03:35:44.988-04:00  INFO 9564 --- [ms-ventas] [           main] c.b.ventas.VentasApplication             : Started VentasApplication in 4.284 seconds (process running for 4.684)
2026-05-25T03:36:16.484-04:00  INFO 9564 --- [ms-ventas] [nio-8081-exec-1] o.a.c.c.C.[Tomcat].[localhost].[/]       : Initializing Spring DispatcherServlet 'dispatcherServlet'
2026-05-25T03:36:16.485-04:00  INFO 9564 --- [ms-ventas] [nio-8081-exec-1] o.s.web.servlet.DispatcherServlet        : Initializing Servlet 'dispatcherServlet'
2026-05-25T03:36:16.485-04:00  INFO 9564 --- [ms-ventas] [nio-8081-exec-1] o.s.web.servlet.DispatcherServlet        : Completed initialization in 0 ms
2026-05-25T03:36:16.508-04:00  INFO 9564 --- [ms-ventas] [nio-8081-exec-1] c.b.ventas.service.VentaServiceImpl      : Obteniendo listado de todas las ventas.
Hibernate: 
    select
        v1_0.id,
        v1_0.asistente_nombre,
        v1_0.cliente_nombre,
        v1_0.cliente_rut,
        v1_0.codigo_descuento,
        v1_0.descuento_aplicado,
        v1_0.fecha,
        v1_0.folio,
        v1_0.subtotal,
        v1_0.tipo_descuento,
        v1_0.tipo_venta,
        v1_0.total 
    from
        ventas v1_0
2026-05-25T03:53:36.964-04:00  INFO 9564 --- [ms-ventas] [nio-8081-exec-3] c.b.ventas.service.VentaServiceImpl      : Iniciando registro de venta. Tipo: PRESENCIAL, Canal: Caja
2026-05-25T03:53:36.964-04:00  INFO 9564 --- [ms-ventas] [nio-8081-exec-3] c.b.ventas.service.VentaServiceImpl      : Consultando disponibilidad en ms-inventario para el producto ID: 101, Nombre: El Principito, Cantidad solicitada: 1
2026-05-25T03:53:37.001-04:00  INFO 9564 --- [ms-ventas] [nio-8081-exec-3] c.b.ventas.service.VentaServiceImpl      : Stock disponible confirmado para producto ID: 101
Hibernate: 
    insert 
    into
        ventas
        (asistente_nombre, cliente_nombre, cliente_rut, codigo_descuento, descuento_aplicado, fecha, folio, subtotal, tipo_descuento, tipo_venta, total) 
    values
        (?, ?, ?, ?, ?, ?, ?, ?, ?, ?, ?)
Hibernate: 
    insert 
    into
        detalles_venta
        (cantidad, precio_unitario, producto_id, producto_nombre, subtotal, venta_id) 
    values
        (?, ?, ?, ?, ?, ?)
2026-05-25T03:53:37.043-04:00  INFO 9564 --- [ms-ventas] [nio-8081-exec-3] c.b.ventas.service.VentaServiceImpl      : Venta guardada con éxito en la base de datos. Folio: BP-PRE-E0411346, ID de Venta: 1, Total: 12990.00
2026-05-25T03:53:42.109-04:00  INFO 9564 --- [ms-ventas] [nio-8081-exec-4] c.b.ventas.service.VentaServiceImpl      : Iniciando registro de venta. Tipo: ONLINE, Canal: Online
2026-05-25T03:53:42.109-04:00  INFO 9564 --- [ms-ventas] [nio-8081-exec-4] c.b.ventas.service.VentaServiceImpl      : Consultando disponibilidad en ms-inventario para el producto ID: 102, Nombre: Cien ańos de soledad, Cantidad solicitada: 2
2026-05-25T03:53:42.116-04:00  INFO 9564 --- [ms-ventas] [nio-8081-exec-4] c.b.ventas.service.VentaServiceImpl      : Stock disponible confirmado para producto ID: 102
2026-05-25T03:53:42.116-04:00  INFO 9564 --- [ms-ventas] [nio-8081-exec-4] c.b.ventas.service.VentaServiceImpl      : Consultando disponibilidad en ms-inventario para el producto ID: 103, Nombre: Cuaderno universitario, Cantidad solicitada: 3
2026-05-25T03:53:42.120-04:00  INFO 9564 --- [ms-ventas] [nio-8081-exec-4] c.b.ventas.service.VentaServiceImpl      : Stock disponible confirmado para producto ID: 103
2026-05-25T03:53:42.120-04:00  INFO 9564 --- [ms-ventas] [nio-8081-exec-4] c.b.ventas.service.VentaServiceImpl      : Descuento del 20% aplicado por cupón promocional: PROMO20
Hibernate: 
    insert 
    into
        ventas
        (asistente_nombre, cliente_nombre, cliente_rut, codigo_descuento, descuento_aplicado, fecha, folio, subtotal, tipo_descuento, tipo_venta, total) 
    values
        (?, ?, ?, ?, ?, ?, ?, ?, ?, ?, ?)
Hibernate: 
    insert 
    into
        detalles_venta
        (cantidad, precio_unitario, producto_id, producto_nombre, subtotal, venta_id) 
    values
        (?, ?, ?, ?, ?, ?)
Hibernate: 
    insert 
    into
        detalles_venta
        (cantidad, precio_unitario, producto_id, producto_nombre, subtotal, venta_id) 
    values
        (?, ?, ?, ?, ?, ?)
2026-05-25T03:53:42.125-04:00  INFO 9564 --- [ms-ventas] [nio-8081-exec-4] c.b.ventas.service.VentaServiceImpl      : Venta guardada con éxito en la base de datos. Folio: BP-ONL-318EEBA9, ID de Venta: 2, Total: 36360.00
2026-05-25T03:53:46.532-04:00  INFO 9564 --- [ms-ventas] [nio-8081-exec-5] c.b.ventas.service.VentaServiceImpl      : Buscando venta con folio: FOLIO-001
Hibernate: 
    select
        v1_0.id,
        v1_0.asistente_nombre,
        v1_0.cliente_nombre,
        v1_0.cliente_rut,
        v1_0.codigo_descuento,
        v1_0.descuento_aplicado,
        v1_0.fecha,
        v1_0.folio,
        v1_0.subtotal,
        v1_0.tipo_descuento,
        v1_0.tipo_venta,
        v1_0.total 
    from
        ventas v1_0 
    where
        v1_0.folio=?
2026-05-25T03:53:46.550-04:00 ERROR 9564 --- [ms-ventas] [nio-8081-exec-5] c.b.ventas.service.VentaServiceImpl      : Venta no encontrada con folio: FOLIO-001
2026-05-25T03:53:50.536-04:00  INFO 9564 --- [ms-ventas] [nio-8081-exec-6] c.b.ventas.service.VentaServiceImpl      : Obteniendo listado de todas las ventas.
Hibernate: 
    select
        v1_0.id,
        v1_0.asistente_nombre,
        v1_0.cliente_nombre,
        v1_0.cliente_rut,
        v1_0.codigo_descuento,
        v1_0.descuento_aplicado,
        v1_0.fecha,
        v1_0.folio,
        v1_0.subtotal,
        v1_0.tipo_descuento,
        v1_0.tipo_venta,
        v1_0.total 
    from
        ventas v1_0
Hibernate: 
    select
        d1_0.venta_id,
        d1_0.id,
        d1_0.cantidad,
        d1_0.precio_unitario,
        d1_0.producto_id,
        d1_0.producto_nombre,
        d1_0.subtotal 
    from
        detalles_venta d1_0 
    where
        d1_0.venta_id=?
Hibernate: 
    select
        d1_0.venta_id,
        d1_0.id,
        d1_0.cantidad,
        d1_0.precio_unitario,
        d1_0.producto_id,
        d1_0.producto_nombre,
        d1_0.subtotal 
    from
        detalles_venta d1_0 
    where
        d1_0.venta_id=?
2026-05-25T03:53:55.297-04:00  INFO 9564 --- [ms-ventas] [nio-8081-exec-7] c.b.ventas.service.VentaServiceImpl      : Buscando venta con folio: FOLIO-001
Hibernate: 
    select
        v1_0.id,
        v1_0.asistente_nombre,
        v1_0.cliente_nombre,
        v1_0.cliente_rut,
        v1_0.codigo_descuento,
        v1_0.descuento_aplicado,
        v1_0.fecha,
        v1_0.folio,
        v1_0.subtotal,
        v1_0.tipo_descuento,
        v1_0.tipo_venta,
        v1_0.total 
    from
        ventas v1_0 
    where
        v1_0.folio=?
2026-05-25T03:53:55.299-04:00 ERROR 9564 --- [ms-ventas] [nio-8081-exec-7] c.b.ventas.service.VentaServiceImpl      : Venta no encontrada con folio: FOLIO-001
